{"C:\\Users\\Sergiodt\\Documents\\PROJECTS\\arthurs-store-front\\src\\App.tsx": {"path":"C:\\Users\\Sergiodt\\Documents\\PROJECTS\\arthurs-store-front\\src\\App.tsx","statementMap":{"0":{"start":{"line":13,"column":2},"end":{"line":24,"column":4}}},"fnMap":{"0":{"name":"App","decl":{"start":{"line":12,"column":9},"end":{"line":12,"column":12}},"loc":{"start":{"line":12,"column":15},"end":{"line":25,"column":1}},"line":12}},"branchMap":{},"s":{"0":1},"f":{"0":1},"b":{},"_coverageSchema":"1a1c01bbd47fc00a2c39e90264f33305004495a9","hash":"38f680993f0aaa1921275be66703cd79a6c57de1"}
,"C:\\Users\\Sergiodt\\Documents\\PROJECTS\\arthurs-store-front\\src\\index.tsx": {"path":"C:\\Users\\Sergiodt\\Documents\\PROJECTS\\arthurs-store-front\\src\\index.tsx","statementMap":{"0":{"start":{"line":7,"column":13},"end":{"line":9,"column":1}},"1":{"start":{"line":10,"column":0},"end":{"line":14,"column":2}},"2":{"start":{"line":19,"column":0},"end":{"line":19,"column":18}}},"fnMap":{},"branchMap":{},"s":{"0":0,"1":0,"2":0},"f":{},"b":{}}
,"C:\\Users\\Sergiodt\\Documents\\PROJECTS\\arthurs-store-front\\src\\reportWebVitals.ts": {"path":"C:\\Users\\Sergiodt\\Documents\\PROJECTS\\arthurs-store-front\\src\\reportWebVitals.ts","statementMap":{"0":{"start":{"line":3,"column":24},"end":{"line":13,"column":1}},"1":{"start":{"line":4,"column":2},"end":{"line":12,"column":3}},"2":{"start":{"line":5,"column":4},"end":{"line":11,"column":7}},"3":{"start":{"line":6,"column":6},"end":{"line":6,"column":26}},"4":{"start":{"line":7,"column":6},"end":{"line":7,"column":26}},"5":{"start":{"line":8,"column":6},"end":{"line":8,"column":26}},"6":{"start":{"line":9,"column":6},"end":{"line":9,"column":26}},"7":{"start":{"line":10,"column":6},"end":{"line":10,"column":27}}},"fnMap":{"0":{"name":"(anonymous_0)","decl":{"start":{"line":3,"column":24},"end":{"line":3,"column":25}},"loc":{"start":{"line":3,"column":57},"end":{"line":13,"column":1}},"line":3},"1":{"name":"(anonymous_1)","decl":{"start":{"line":5,"column":30},"end":{"line":5,"column":31}},"loc":{"start":{"line":5,"column":79},"end":{"line":11,"column":5}},"line":5}},"branchMap":{"0":{"loc":{"start":{"line":4,"column":2},"end":{"line":12,"column":3}},"type":"if","locations":[{"start":{"line":4,"column":2},"end":{"line":12,"column":3}},{"start":{},"end":{}}],"line":4},"1":{"loc":{"start":{"line":4,"column":6},"end":{"line":4,"column":52}},"type":"binary-expr","locations":[{"start":{"line":4,"column":6},"end":{"line":4,"column":17}},{"start":{"line":4,"column":21},"end":{"line":4,"column":52}}],"line":4}},"s":{"0":0,"1":0,"2":0,"3":0,"4":0,"5":0,"6":0,"7":0},"f":{"0":0,"1":0},"b":{"0":[0,0],"1":[0,0]}}
,"C:\\Users\\Sergiodt\\Documents\\PROJECTS\\arthurs-store-front\\src\\components\\Spinner.tsx": {"path":"C:\\Users\\Sergiodt\\Documents\\PROJECTS\\arthurs-store-front\\src\\components\\Spinner.tsx","statementMap":{"0":{"start":{"line":8,"column":40},"end":{"line":24,"column":1}},"1":{"start":{"line":9,"column":2},"end":{"line":23,"column":4}}},"fnMap":{"0":{"name":"(anonymous_0)","decl":{"start":{"line":8,"column":40},"end":{"line":8,"column":41}},"loc":{"start":{"line":8,"column":57},"end":{"line":24,"column":1}},"line":8}},"branchMap":{"0":{"loc":{"start":{"line":17,"column":7},"end":{"line":21,"column":7}},"type":"binary-expr","locations":[{"start":{"line":17,"column":7},"end":{"line":17,"column":14}},{"start":{"line":18,"column":8},"end":{"line":20,"column":21}}],"line":17}},"s":{"0":2,"1":2},"f":{"0":2},"b":{"0":[2,2]},"_coverageSchema":"1a1c01bbd47fc00a2c39e90264f33305004495a9","hash":"9b220606f2159a096adc0011175a782ef245ae79"}
,"C:\\Users\\Sergiodt\\Documents\\PROJECTS\\arthurs-store-front\\src\\components\\WebSocketComponent.ts": {"path":"C:\\Users\\Sergiodt\\Documents\\PROJECTS\\arthurs-store-front\\src\\components\\WebSocketComponent.ts","statementMap":{"0":{"start":{"line":6,"column":27},"end":{"line":24,"column":1}},"1":{"start":{"line":7,"column":19},"end":{"line":7,"column":32}},"2":{"start":{"line":9,"column":2},"end":{"line":21,"column":17}},"3":{"start":{"line":10,"column":19},"end":{"line":10,"column":46}},"4":{"start":{"line":12,"column":4},"end":{"line":16,"column":7}},"5":{"start":{"line":13,"column":25},"end":{"line":13,"column":29}},"6":{"start":{"line":14,"column":6},"end":{"line":14,"column":46}},"7":{"start":{"line":15,"column":6},"end":{"line":15,"column":62}},"8":{"start":{"line":18,"column":4},"end":{"line":20,"column":6}},"9":{"start":{"line":19,"column":6},"end":{"line":19,"column":26}},"10":{"start":{"line":23,"column":2},"end":{"line":23,"column":14}}},"fnMap":{"0":{"name":"(anonymous_0)","decl":{"start":{"line":6,"column":27},"end":{"line":6,"column":28}},"loc":{"start":{"line":6,"column":33},"end":{"line":24,"column":1}},"line":6},"1":{"name":"(anonymous_1)","decl":{"start":{"line":9,"column":12},"end":{"line":9,"column":13}},"loc":{"start":{"line":9,"column":18},"end":{"line":21,"column":3}},"line":9},"2":{"name":"(anonymous_2)","decl":{"start":{"line":12,"column":35},"end":{"line":12,"column":36}},"loc":{"start":{"line":12,"column":45},"end":{"line":16,"column":5}},"line":12},"3":{"name":"(anonymous_3)","decl":{"start":{"line":18,"column":11},"end":{"line":18,"column":12}},"loc":{"start":{"line":18,"column":17},"end":{"line":20,"column":5}},"line":18}},"branchMap":{},"s":{"0":1,"1":1,"2":1,"3":1,"4":1,"5":0,"6":0,"7":0,"8":1,"9":1,"10":1},"f":{"0":1,"1":1,"2":0,"3":1},"b":{},"_coverageSchema":"1a1c01bbd47fc00a2c39e90264f33305004495a9","hash":"f59f893341085cdcc5bfd113efec2c4363425828"}
,"C:\\Users\\Sergiodt\\Documents\\PROJECTS\\arthurs-store-front\\src\\pages\\Home.tsx": {"path":"C:\\Users\\Sergiodt\\Documents\\PROJECTS\\arthurs-store-front\\src\\pages\\Home.tsx","statementMap":{"0":{"start":{"line":43,"column":27},"end":{"line":48,"column":1}},"1":{"start":{"line":44,"column":2},"end":{"line":44,"column":44}},"2":{"start":{"line":44,"column":30},"end":{"line":44,"column":44}},"3":{"start":{"line":45,"column":2},"end":{"line":45,"column":46}},"4":{"start":{"line":45,"column":30},"end":{"line":45,"column":46}},"5":{"start":{"line":46,"column":2},"end":{"line":46,"column":72}},"6":{"start":{"line":46,"column":58},"end":{"line":46,"column":72}},"7":{"start":{"line":47,"column":2},"end":{"line":47,"column":12}},"8":{"start":{"line":50,"column":33},"end":{"line":53,"column":1}},"9":{"start":{"line":51,"column":16},"end":{"line":51,"column":26}},"10":{"start":{"line":52,"column":2},"end":{"line":52,"column":28}},"11":{"start":{"line":55,"column":23},"end":{"line":579,"column":1}},"12":{"start":{"line":60,"column":6},"end":{"line":60,"column":55}},"13":{"start":{"line":60,"column":40},"end":{"line":60,"column":54}},"14":{"start":{"line":66,"column":6},"end":{"line":66,"column":55}},"15":{"start":{"line":66,"column":40},"end":{"line":66,"column":54}},"16":{"start":{"line":68,"column":48},"end":{"line":68,"column":77}},"17":{"start":{"line":69,"column":38},"end":{"line":69,"column":77}},"18":{"start":{"line":70,"column":36},"end":{"line":70,"column":56}},"19":{"start":{"line":71,"column":42},"end":{"line":71,"column":61}},"20":{"start":{"line":72,"column":38},"end":{"line":72,"column":58}},"21":{"start":{"line":73,"column":38},"end":{"line":73,"column":58}},"22":{"start":{"line":74,"column":48},"end":{"line":74,"column":68}},"23":{"start":{"line":75,"column":46},"end":{"line":75,"column":66}},"24":{"start":{"line":76,"column":24},"end":{"line":76,"column":44}},"25":{"start":{"line":77,"column":32},"end":{"line":77,"column":52}},"26":{"start":{"line":78,"column":26},"end":{"line":78,"column":46}},"27":{"start":{"line":79,"column":42},"end":{"line":79,"column":62}},"28":{"start":{"line":80,"column":30},"end":{"line":84,"column":4}},"29":{"start":{"line":85,"column":32},"end":{"line":89,"column":4}},"30":{"start":{"line":90,"column":19},"end":{"line":90,"column":45}},"31":{"start":{"line":91,"column":19},"end":{"line":91,"column":32}},"32":{"start":{"line":93,"column":2},"end":{"line":95,"column":17}},"33":{"start":{"line":94,"column":4},"end":{"line":94,"column":30}},"34":{"start":{"line":97,"column":33},"end":{"line":100,"column":3}},"35":{"start":{"line":98,"column":4},"end":{"line":98,"column":46}},"36":{"start":{"line":99,"column":4},"end":{"line":99,"column":18}},"37":{"start":{"line":102,"column":19},"end":{"line":102,"column":75}},"38":{"start":{"line":103,"column":16},"end":{"line":103,"column":69}},"39":{"start":{"line":105,"column":30},"end":{"line":141,"column":3}},"40":{"start":{"line":106,"column":4},"end":{"line":140,"column":5}},"41":{"start":{"line":107,"column":26},"end":{"line":124,"column":7}},"42":{"start":{"line":125,"column":6},"end":{"line":135,"column":11}},"43":{"start":{"line":127,"column":10},"end":{"line":129,"column":13}},"44":{"start":{"line":132,"column":10},"end":{"line":134,"column":13}},"45":{"start":{"line":137,"column":6},"end":{"line":139,"column":9}},"46":{"start":{"line":143,"column":34},"end":{"line":143,"column":54}},"47":{"start":{"line":145,"column":23},"end":{"line":148,"column":3}},"48":{"start":{"line":146,"column":18},"end":{"line":146,"column":46}},"49":{"start":{"line":147,"column":4},"end":{"line":147,"column":29}},"50":{"start":{"line":150,"column":33},"end":{"line":168,"column":3}},"51":{"start":{"line":151,"column":4},"end":{"line":151,"column":26}},"52":{"start":{"line":152,"column":4},"end":{"line":152,"column":37}},"53":{"start":{"line":153,"column":4},"end":{"line":156,"column":8}},"54":{"start":{"line":153,"column":33},"end":{"line":156,"column":5}},"55":{"start":{"line":157,"column":4},"end":{"line":167,"column":5}},"56":{"start":{"line":158,"column":6},"end":{"line":161,"column":10}},"57":{"start":{"line":158,"column":33},"end":{"line":161,"column":7}},"58":{"start":{"line":163,"column":6},"end":{"line":166,"column":10}},"59":{"start":{"line":163,"column":33},"end":{"line":166,"column":7}},"60":{"start":{"line":170,"column":26},"end":{"line":187,"column":3}},"61":{"start":{"line":171,"column":4},"end":{"line":171,"column":18}},"62":{"start":{"line":172,"column":4},"end":{"line":175,"column":8}},"63":{"start":{"line":172,"column":33},"end":{"line":175,"column":5}},"64":{"start":{"line":176,"column":4},"end":{"line":186,"column":5}},"65":{"start":{"line":177,"column":6},"end":{"line":180,"column":10}},"66":{"start":{"line":177,"column":33},"end":{"line":180,"column":7}},"67":{"start":{"line":182,"column":6},"end":{"line":185,"column":10}},"68":{"start":{"line":182,"column":33},"end":{"line":185,"column":7}},"69":{"start":{"line":189,"column":32},"end":{"line":206,"column":3}},"70":{"start":{"line":190,"column":4},"end":{"line":190,"column":24}},"71":{"start":{"line":191,"column":4},"end":{"line":194,"column":8}},"72":{"start":{"line":191,"column":33},"end":{"line":194,"column":5}},"73":{"start":{"line":195,"column":4},"end":{"line":205,"column":5}},"74":{"start":{"line":196,"column":6},"end":{"line":199,"column":10}},"75":{"start":{"line":196,"column":33},"end":{"line":199,"column":7}},"76":{"start":{"line":201,"column":6},"end":{"line":204,"column":10}},"77":{"start":{"line":201,"column":33},"end":{"line":204,"column":7}},"78":{"start":{"line":208,"column":25},"end":{"line":217,"column":3}},"79":{"start":{"line":209,"column":21},"end":{"line":209,"column":47}},"80":{"start":{"line":210,"column":4},"end":{"line":216,"column":5}},"81":{"start":{"line":211,"column":6},"end":{"line":211,"column":36}},"82":{"start":{"line":213,"column":6},"end":{"line":215,"column":8}},"83":{"start":{"line":219,"column":17},"end":{"line":222,"column":4}},"84":{"start":{"line":220,"column":18},"end":{"line":220,"column":53}},"85":{"start":{"line":221,"column":4},"end":{"line":221,"column":42}},"86":{"start":{"line":224,"column":22},"end":{"line":224,"column":52}},"87":{"start":{"line":225,"column":16},"end":{"line":228,"column":4}},"88":{"start":{"line":226,"column":17},"end":{"line":226,"column":62}},"89":{"start":{"line":227,"column":4},"end":{"line":227,"column":40}},"90":{"start":{"line":230,"column":31},"end":{"line":245,"column":3}},"91":{"start":{"line":231,"column":20},"end":{"line":231,"column":67}},"92":{"start":{"line":231,"column":41},"end":{"line":231,"column":66}},"93":{"start":{"line":232,"column":4},"end":{"line":244,"column":5}},"94":{"start":{"line":233,"column":6},"end":{"line":243,"column":7}},"95":{"start":{"line":234,"column":8},"end":{"line":237,"column":12}},"96":{"start":{"line":234,"column":43},"end":{"line":237,"column":9}},"97":{"start":{"line":238,"column":13},"end":{"line":243,"column":7}},"98":{"start":{"line":239,"column":8},"end":{"line":242,"column":10}},"99":{"start":{"line":246,"column":25},"end":{"line":251,"column":3}},"100":{"start":{"line":247,"column":4},"end":{"line":250,"column":22}},"101":{"start":{"line":253,"column":2},"end":{"line":259,"column":3}},"102":{"start":{"line":255,"column":6},"end":{"line":257,"column":42}},"103":{"start":{"line":258,"column":4},"end":{"line":258,"column":41}},"104":{"start":{"line":261,"column":2},"end":{"line":281,"column":3}},"105":{"start":{"line":262,"column":4},"end":{"line":280,"column":6}},"106":{"start":{"line":283,"column":2},"end":{"line":303,"column":3}},"107":{"start":{"line":284,"column":4},"end":{"line":302,"column":6}},"108":{"start":{"line":305,"column":2},"end":{"line":305,"column":71}},"109":{"start":{"line":305,"column":22},"end":{"line":305,"column":71}},"110":{"start":{"line":307,"column":2},"end":{"line":578,"column":4}},"111":{"start":{"line":313,"column":12},"end":{"line":389,"column":18}},"112":{"start":{"line":336,"column":20},"end":{"line":339,"column":21}},"113":{"start":{"line":346,"column":28},"end":{"line":349,"column":29}},"114":{"start":{"line":364,"column":28},"end":{"line":367,"column":29}},"115":{"start":{"line":379,"column":33},"end":{"line":379,"column":66}},"116":{"start":{"line":395,"column":23},"end":{"line":395,"column":47}},"117":{"start":{"line":407,"column":31},"end":{"line":407,"column":60}},"118":{"start":{"line":416,"column":31},"end":{"line":416,"column":69}},"119":{"start":{"line":438,"column":33},"end":{"line":438,"column":67}},"120":{"start":{"line":443,"column":18},"end":{"line":445,"column":29}},"121":{"start":{"line":458,"column":33},"end":{"line":458,"column":66}},"122":{"start":{"line":463,"column":18},"end":{"line":465,"column":29}},"123":{"start":{"line":473,"column":31},"end":{"line":473,"column":62}},"124":{"start":{"line":489,"column":33},"end":{"line":489,"column":72}},"125":{"start":{"line":506,"column":31},"end":{"line":506,"column":68}},"126":{"start":{"line":517,"column":31},"end":{"line":517,"column":62}},"127":{"start":{"line":530,"column":31},"end":{"line":530,"column":57}},"128":{"start":{"line":539,"column":31},"end":{"line":539,"column":54}},"129":{"start":{"line":563,"column":33},"end":{"line":563,"column":57}}},"fnMap":{"0":{"name":"(anonymous_0)","decl":{"start":{"line":43,"column":27},"end":{"line":43,"column":28}},"loc":{"start":{"line":43,"column":47},"end":{"line":48,"column":1}},"line":43},"1":{"name":"(anonymous_1)","decl":{"start":{"line":50,"column":33},"end":{"line":50,"column":34}},"loc":{"start":{"line":50,"column":53},"end":{"line":53,"column":1}},"line":50},"2":{"name":"(anonymous_2)","decl":{"start":{"line":55,"column":23},"end":{"line":55,"column":24}},"loc":{"start":{"line":55,"column":29},"end":{"line":579,"column":1}},"line":55},"3":{"name":"(anonymous_3)","decl":{"start":{"line":60,"column":18},"end":{"line":60,"column":19}},"loc":{"start":{"line":60,"column":40},"end":{"line":60,"column":54}},"line":60},"4":{"name":"(anonymous_4)","decl":{"start":{"line":66,"column":18},"end":{"line":66,"column":19}},"loc":{"start":{"line":66,"column":40},"end":{"line":66,"column":54}},"line":66},"5":{"name":"(anonymous_5)","decl":{"start":{"line":93,"column":12},"end":{"line":93,"column":13}},"loc":{"start":{"line":93,"column":18},"end":{"line":95,"column":3}},"line":93},"6":{"name":"(anonymous_6)","decl":{"start":{"line":97,"column":33},"end":{"line":97,"column":34}},"loc":{"start":{"line":97,"column":39},"end":{"line":100,"column":3}},"line":97},"7":{"name":"(anonymous_7)","decl":{"start":{"line":105,"column":30},"end":{"line":105,"column":31}},"loc":{"start":{"line":105,"column":36},"end":{"line":141,"column":3}},"line":105},"8":{"name":"(anonymous_8)","decl":{"start":{"line":126,"column":14},"end":{"line":126,"column":15}},"loc":{"start":{"line":126,"column":28},"end":{"line":130,"column":9}},"line":126},"9":{"name":"(anonymous_9)","decl":{"start":{"line":131,"column":15},"end":{"line":131,"column":16}},"loc":{"start":{"line":131,"column":26},"end":{"line":135,"column":9}},"line":131},"10":{"name":"(anonymous_10)","decl":{"start":{"line":145,"column":23},"end":{"line":145,"column":24}},"loc":{"start":{"line":145,"column":42},"end":{"line":148,"column":3}},"line":145},"11":{"name":"(anonymous_11)","decl":{"start":{"line":150,"column":33},"end":{"line":150,"column":34}},"loc":{"start":{"line":150,"column":53},"end":{"line":168,"column":3}},"line":150},"12":{"name":"(anonymous_12)","decl":{"start":{"line":153,"column":15},"end":{"line":153,"column":16}},"loc":{"start":{"line":153,"column":33},"end":{"line":156,"column":5}},"line":153},"13":{"name":"(anonymous_13)","decl":{"start":{"line":158,"column":16},"end":{"line":158,"column":17}},"loc":{"start":{"line":158,"column":33},"end":{"line":161,"column":7}},"line":158},"14":{"name":"(anonymous_14)","decl":{"start":{"line":163,"column":16},"end":{"line":163,"column":17}},"loc":{"start":{"line":163,"column":33},"end":{"line":166,"column":7}},"line":163},"15":{"name":"(anonymous_15)","decl":{"start":{"line":170,"column":26},"end":{"line":170,"column":27}},"loc":{"start":{"line":170,"column":42},"end":{"line":187,"column":3}},"line":170},"16":{"name":"(anonymous_16)","decl":{"start":{"line":172,"column":15},"end":{"line":172,"column":16}},"loc":{"start":{"line":172,"column":33},"end":{"line":175,"column":5}},"line":172},"17":{"name":"(anonymous_17)","decl":{"start":{"line":177,"column":16},"end":{"line":177,"column":17}},"loc":{"start":{"line":177,"column":33},"end":{"line":180,"column":7}},"line":177},"18":{"name":"(anonymous_18)","decl":{"start":{"line":182,"column":16},"end":{"line":182,"column":17}},"loc":{"start":{"line":182,"column":33},"end":{"line":185,"column":7}},"line":182},"19":{"name":"(anonymous_19)","decl":{"start":{"line":189,"column":32},"end":{"line":189,"column":33}},"loc":{"start":{"line":189,"column":48},"end":{"line":206,"column":3}},"line":189},"20":{"name":"(anonymous_20)","decl":{"start":{"line":191,"column":15},"end":{"line":191,"column":16}},"loc":{"start":{"line":191,"column":33},"end":{"line":194,"column":5}},"line":191},"21":{"name":"(anonymous_21)","decl":{"start":{"line":196,"column":16},"end":{"line":196,"column":17}},"loc":{"start":{"line":196,"column":33},"end":{"line":199,"column":7}},"line":196},"22":{"name":"(anonymous_22)","decl":{"start":{"line":201,"column":16},"end":{"line":201,"column":17}},"loc":{"start":{"line":201,"column":33},"end":{"line":204,"column":7}},"line":201},"23":{"name":"(anonymous_23)","decl":{"start":{"line":208,"column":25},"end":{"line":208,"column":26}},"loc":{"start":{"line":208,"column":48},"end":{"line":217,"column":3}},"line":208},"24":{"name":"(anonymous_24)","decl":{"start":{"line":219,"column":44},"end":{"line":219,"column":45}},"loc":{"start":{"line":219,"column":54},"end":{"line":222,"column":3}},"line":219},"25":{"name":"(anonymous_25)","decl":{"start":{"line":225,"column":43},"end":{"line":225,"column":44}},"loc":{"start":{"line":225,"column":53},"end":{"line":228,"column":3}},"line":225},"26":{"name":"(anonymous_26)","decl":{"start":{"line":230,"column":31},"end":{"line":230,"column":32}},"loc":{"start":{"line":230,"column":75},"end":{"line":245,"column":3}},"line":230},"27":{"name":"(anonymous_27)","decl":{"start":{"line":231,"column":34},"end":{"line":231,"column":35}},"loc":{"start":{"line":231,"column":41},"end":{"line":231,"column":66}},"line":231},"28":{"name":"(anonymous_28)","decl":{"start":{"line":234,"column":22},"end":{"line":234,"column":23}},"loc":{"start":{"line":234,"column":43},"end":{"line":237,"column":9}},"line":234},"29":{"name":"(anonymous_29)","decl":{"start":{"line":246,"column":25},"end":{"line":246,"column":26}},"loc":{"start":{"line":246,"column":45},"end":{"line":251,"column":3}},"line":246},"30":{"name":"(anonymous_30)","decl":{"start":{"line":312,"column":24},"end":{"line":312,"column":25}},"loc":{"start":{"line":313,"column":12},"end":{"line":389,"column":18}},"line":313},"31":{"name":"(anonymous_31)","decl":{"start":{"line":335,"column":28},"end":{"line":335,"column":29}},"loc":{"start":{"line":336,"column":20},"end":{"line":339,"column":21}},"line":336},"32":{"name":"(anonymous_32)","decl":{"start":{"line":345,"column":35},"end":{"line":345,"column":36}},"loc":{"start":{"line":346,"column":28},"end":{"line":349,"column":29}},"line":346},"33":{"name":"(anonymous_33)","decl":{"start":{"line":363,"column":35},"end":{"line":363,"column":36}},"loc":{"start":{"line":364,"column":28},"end":{"line":367,"column":29}},"line":364},"34":{"name":"(anonymous_34)","decl":{"start":{"line":379,"column":27},"end":{"line":379,"column":28}},"loc":{"start":{"line":379,"column":33},"end":{"line":379,"column":66}},"line":379},"35":{"name":"(anonymous_35)","decl":{"start":{"line":395,"column":17},"end":{"line":395,"column":18}},"loc":{"start":{"line":395,"column":23},"end":{"line":395,"column":47}},"line":395},"36":{"name":"(anonymous_36)","decl":{"start":{"line":407,"column":24},"end":{"line":407,"column":25}},"loc":{"start":{"line":407,"column":31},"end":{"line":407,"column":60}},"line":407},"37":{"name":"(anonymous_37)","decl":{"start":{"line":416,"column":24},"end":{"line":416,"column":25}},"loc":{"start":{"line":416,"column":31},"end":{"line":416,"column":69}},"line":416},"38":{"name":"(anonymous_38)","decl":{"start":{"line":438,"column":26},"end":{"line":438,"column":27}},"loc":{"start":{"line":438,"column":33},"end":{"line":438,"column":67}},"line":438},"39":{"name":"(anonymous_39)","decl":{"start":{"line":442,"column":28},"end":{"line":442,"column":29}},"loc":{"start":{"line":443,"column":18},"end":{"line":445,"column":29}},"line":443},"40":{"name":"(anonymous_40)","decl":{"start":{"line":458,"column":26},"end":{"line":458,"column":27}},"loc":{"start":{"line":458,"column":33},"end":{"line":458,"column":66}},"line":458},"41":{"name":"(anonymous_41)","decl":{"start":{"line":462,"column":27},"end":{"line":462,"column":28}},"loc":{"start":{"line":463,"column":18},"end":{"line":465,"column":29}},"line":463},"42":{"name":"(anonymous_42)","decl":{"start":{"line":473,"column":24},"end":{"line":473,"column":25}},"loc":{"start":{"line":473,"column":31},"end":{"line":473,"column":62}},"line":473},"43":{"name":"(anonymous_43)","decl":{"start":{"line":489,"column":26},"end":{"line":489,"column":27}},"loc":{"start":{"line":489,"column":33},"end":{"line":489,"column":72}},"line":489},"44":{"name":"(anonymous_44)","decl":{"start":{"line":506,"column":24},"end":{"line":506,"column":25}},"loc":{"start":{"line":506,"column":31},"end":{"line":506,"column":68}},"line":506},"45":{"name":"(anonymous_45)","decl":{"start":{"line":517,"column":24},"end":{"line":517,"column":25}},"loc":{"start":{"line":517,"column":31},"end":{"line":517,"column":62}},"line":517},"46":{"name":"(anonymous_46)","decl":{"start":{"line":530,"column":24},"end":{"line":530,"column":25}},"loc":{"start":{"line":530,"column":31},"end":{"line":530,"column":57}},"line":530},"47":{"name":"(anonymous_47)","decl":{"start":{"line":539,"column":24},"end":{"line":539,"column":25}},"loc":{"start":{"line":539,"column":31},"end":{"line":539,"column":54}},"line":539},"48":{"name":"(anonymous_48)","decl":{"start":{"line":563,"column":27},"end":{"line":563,"column":28}},"loc":{"start":{"line":563,"column":33},"end":{"line":563,"column":57}},"line":563}},"branchMap":{"0":{"loc":{"start":{"line":44,"column":2},"end":{"line":44,"column":44}},"type":"if","locations":[{"start":{"line":44,"column":2},"end":{"line":44,"column":44}},{"start":{},"end":{}}],"line":44},"1":{"loc":{"start":{"line":45,"column":2},"end":{"line":45,"column":46}},"type":"if","locations":[{"start":{"line":45,"column":2},"end":{"line":45,"column":46}},{"start":{},"end":{}}],"line":45},"2":{"loc":{"start":{"line":46,"column":2},"end":{"line":46,"column":72}},"type":"if","locations":[{"start":{"line":46,"column":2},"end":{"line":46,"column":72}},{"start":{},"end":{}}],"line":46},"3":{"loc":{"start":{"line":46,"column":6},"end":{"line":46,"column":56}},"type":"binary-expr","locations":[{"start":{"line":46,"column":6},"end":{"line":46,"column":29}},{"start":{"line":46,"column":33},"end":{"line":46,"column":56}}],"line":46},"4":{"loc":{"start":{"line":106,"column":4},"end":{"line":140,"column":5}},"type":"if","locations":[{"start":{"line":106,"column":4},"end":{"line":140,"column":5}},{"start":{"line":136,"column":11},"end":{"line":140,"column":5}}],"line":106},"5":{"loc":{"start":{"line":157,"column":4},"end":{"line":167,"column":5}},"type":"if","locations":[{"start":{"line":157,"column":4},"end":{"line":167,"column":5}},{"start":{"line":162,"column":11},"end":{"line":167,"column":5}}],"line":157},"6":{"loc":{"start":{"line":176,"column":4},"end":{"line":186,"column":5}},"type":"if","locations":[{"start":{"line":176,"column":4},"end":{"line":186,"column":5}},{"start":{"line":181,"column":11},"end":{"line":186,"column":5}}],"line":176},"7":{"loc":{"start":{"line":176,"column":8},"end":{"line":176,"column":44}},"type":"binary-expr","locations":[{"start":{"line":176,"column":8},"end":{"line":176,"column":24}},{"start":{"line":176,"column":28},"end":{"line":176,"column":44}}],"line":176},"8":{"loc":{"start":{"line":195,"column":4},"end":{"line":205,"column":5}},"type":"if","locations":[{"start":{"line":195,"column":4},"end":{"line":205,"column":5}},{"start":{"line":200,"column":11},"end":{"line":205,"column":5}}],"line":195},"9":{"loc":{"start":{"line":209,"column":21},"end":{"line":209,"column":47}},"type":"binary-expr","locations":[{"start":{"line":209,"column":21},"end":{"line":209,"column":42}},{"start":{"line":209,"column":46},"end":{"line":209,"column":47}}],"line":209},"10":{"loc":{"start":{"line":210,"column":4},"end":{"line":216,"column":5}},"type":"if","locations":[{"start":{"line":210,"column":4},"end":{"line":216,"column":5}},{"start":{"line":212,"column":11},"end":{"line":216,"column":5}}],"line":210},"11":{"loc":{"start":{"line":232,"column":4},"end":{"line":244,"column":5}},"type":"if","locations":[{"start":{"line":232,"column":4},"end":{"line":244,"column":5}},{"start":{},"end":{}}],"line":232},"12":{"loc":{"start":{"line":233,"column":6},"end":{"line":243,"column":7}},"type":"if","locations":[{"start":{"line":233,"column":6},"end":{"line":243,"column":7}},{"start":{"line":238,"column":13},"end":{"line":243,"column":7}}],"line":233},"13":{"loc":{"start":{"line":233,"column":10},"end":{"line":233,"column":58}},"type":"binary-expr","locations":[{"start":{"line":233,"column":10},"end":{"line":233,"column":26}},{"start":{"line":233,"column":30},"end":{"line":233,"column":58}}],"line":233},"14":{"loc":{"start":{"line":238,"column":13},"end":{"line":243,"column":7}},"type":"if","locations":[{"start":{"line":238,"column":13},"end":{"line":243,"column":7}},{"start":{},"end":{}}],"line":238},"15":{"loc":{"start":{"line":253,"column":2},"end":{"line":259,"column":3}},"type":"if","locations":[{"start":{"line":253,"column":2},"end":{"line":259,"column":3}},{"start":{},"end":{}}],"line":253},"16":{"loc":{"start":{"line":255,"column":6},"end":{"line":257,"column":42}},"type":"cond-expr","locations":[{"start":{"line":256,"column":10},"end":{"line":256,"column":44}},{"start":{"line":257,"column":10},"end":{"line":257,"column":42}}],"line":255},"17":{"loc":{"start":{"line":261,"column":2},"end":{"line":281,"column":3}},"type":"if","locations":[{"start":{"line":261,"column":2},"end":{"line":281,"column":3}},{"start":{},"end":{}}],"line":261},"18":{"loc":{"start":{"line":283,"column":2},"end":{"line":303,"column":3}},"type":"if","locations":[{"start":{"line":283,"column":2},"end":{"line":303,"column":3}},{"start":{},"end":{}}],"line":283},"19":{"loc":{"start":{"line":305,"column":2},"end":{"line":305,"column":71}},"type":"if","locations":[{"start":{"line":305,"column":2},"end":{"line":305,"column":71}},{"start":{},"end":{}}],"line":305},"20":{"loc":{"start":{"line":334,"column":25},"end":{"line":334,"column":59}},"type":"binary-expr","locations":[{"start":{"line":334,"column":25},"end":{"line":334,"column":54}},{"start":{"line":334,"column":58},"end":{"line":334,"column":59}}],"line":334},"21":{"loc":{"start":{"line":348,"column":31},"end":{"line":348,"column":65}},"type":"binary-expr","locations":[{"start":{"line":348,"column":31},"end":{"line":348,"column":60}},{"start":{"line":348,"column":64},"end":{"line":348,"column":65}}],"line":348},"22":{"loc":{"start":{"line":352,"column":29},"end":{"line":352,"column":63}},"type":"binary-expr","locations":[{"start":{"line":352,"column":29},"end":{"line":352,"column":58}},{"start":{"line":352,"column":62},"end":{"line":352,"column":63}}],"line":352},"23":{"loc":{"start":{"line":366,"column":31},"end":{"line":366,"column":65}},"type":"binary-expr","locations":[{"start":{"line":366,"column":31},"end":{"line":366,"column":60}},{"start":{"line":366,"column":64},"end":{"line":366,"column":65}}],"line":366},"24":{"loc":{"start":{"line":420,"column":21},"end":{"line":420,"column":62}},"type":"binary-expr","locations":[{"start":{"line":420,"column":21},"end":{"line":420,"column":39}},{"start":{"line":420,"column":43},"end":{"line":420,"column":62}}],"line":420},"25":{"loc":{"start":{"line":421,"column":26},"end":{"line":421,"column":65}},"type":"binary-expr","locations":[{"start":{"line":421,"column":26},"end":{"line":421,"column":44}},{"start":{"line":421,"column":48},"end":{"line":421,"column":65}}],"line":421},"26":{"loc":{"start":{"line":423,"column":13},"end":{"line":429,"column":13}},"type":"binary-expr","locations":[{"start":{"line":423,"column":13},"end":{"line":423,"column":21}},{"start":{"line":424,"column":14},"end":{"line":428,"column":16}}],"line":423},"27":{"loc":{"start":{"line":478,"column":21},"end":{"line":478,"column":48}},"type":"binary-expr","locations":[{"start":{"line":478,"column":21},"end":{"line":478,"column":32}},{"start":{"line":478,"column":36},"end":{"line":478,"column":48}}],"line":478},"28":{"loc":{"start":{"line":479,"column":26},"end":{"line":479,"column":51}},"type":"binary-expr","locations":[{"start":{"line":479,"column":26},"end":{"line":479,"column":37}},{"start":{"line":479,"column":41},"end":{"line":479,"column":51}}],"line":479},"29":{"loc":{"start":{"line":510,"column":21},"end":{"line":510,"column":60}},"type":"binary-expr","locations":[{"start":{"line":510,"column":21},"end":{"line":510,"column":38}},{"start":{"line":510,"column":42},"end":{"line":510,"column":60}}],"line":510},"30":{"loc":{"start":{"line":511,"column":26},"end":{"line":511,"column":63}},"type":"binary-expr","locations":[{"start":{"line":511,"column":26},"end":{"line":511,"column":43}},{"start":{"line":511,"column":47},"end":{"line":511,"column":63}}],"line":511},"31":{"loc":{"start":{"line":570,"column":14},"end":{"line":570,"column":72}},"type":"binary-expr","locations":[{"start":{"line":570,"column":14},"end":{"line":570,"column":38}},{"start":{"line":570,"column":42},"end":{"line":570,"column":72}}],"line":570}},"s":{"0":2,"1":6,"2":1,"3":5,"4":1,"5":4,"6":2,"7":2,"8":2,"9":0,"10":0,"11":2,"12":7,"13":4,"14":7,"15":4,"16":7,"17":7,"18":7,"19":7,"20":7,"21":7,"22":7,"23":7,"24":7,"25":7,"26":7,"27":7,"28":7,"29":7,"30":7,"31":7,"32":7,"33":5,"34":7,"35":0,"36":0,"37":7,"38":7,"39":7,"40":0,"41":0,"42":0,"43":0,"44":0,"45":0,"46":7,"47":7,"48":5,"49":5,"50":7,"51":0,"52":0,"53":0,"54":0,"55":0,"56":0,"57":0,"58":0,"59":0,"60":7,"61":0,"62":0,"63":0,"64":0,"65":0,"66":0,"67":0,"68":0,"69":7,"70":0,"71":0,"72":0,"73":0,"74":0,"75":0,"76":0,"77":0,"78":7,"79":0,"80":0,"81":0,"82":0,"83":7,"84":84,"85":84,"86":7,"87":7,"88":70,"89":70,"90":7,"91":1,"92":1,"93":1,"94":1,"95":1,"96":1,"97":0,"98":0,"99":7,"100":28,"101":7,"102":0,"103":0,"104":7,"105":0,"106":7,"107":0,"108":7,"109":2,"110":5,"111":8,"112":1,"113":0,"114":0,"115":0,"116":0,"117":0,"118":0,"119":0,"120":60,"121":0,"122":50,"123":0,"124":0,"125":0,"126":0,"127":0,"128":0,"129":0},"f":{"0":6,"1":0,"2":7,"3":4,"4":4,"5":5,"6":0,"7":0,"8":0,"9":0,"10":5,"11":0,"12":0,"13":0,"14":0,"15":0,"16":0,"17":0,"18":0,"19":0,"20":0,"21":0,"22":0,"23":0,"24":84,"25":70,"26":1,"27":1,"28":1,"29":28,"30":8,"31":1,"32":0,"33":0,"34":0,"35":0,"36":0,"37":0,"38":0,"39":60,"40":0,"41":50,"42":0,"43":0,"44":0,"45":0,"46":0,"47":0,"48":0},"b":{"0":[1,5],"1":[1,4],"2":[2,2],"3":[4,3],"4":[0,0],"5":[0,0],"6":[0,0],"7":[0,0],"8":[0,0],"9":[0,0],"10":[0,0],"11":[1,0],"12":[1,0],"13":[1,1],"14":[0,0],"15":[0,7],"16":[0,0],"17":[0,7],"18":[0,7],"19":[2,5],"20":[8,7],"21":[0,0],"22":[8,7],"23":[0,0],"24":[5,0],"25":[5,0],"26":[5,0],"27":[5,0],"28":[5,0],"29":[5,0],"30":[5,0],"31":[5,0]},"_coverageSchema":"1a1c01bbd47fc00a2c39e90264f33305004495a9","hash":"444d9cda5990468632330b26a4fcdfaf0d8219b5"}
,"C:\\Users\\Sergiodt\\Documents\\PROJECTS\\arthurs-store-front\\src\\services\\ProductService.ts": {"path":"C:\\Users\\Sergiodt\\Documents\\PROJECTS\\arthurs-store-front\\src\\services\\ProductService.ts","statementMap":{"0":{"start":{"line":10,"column":36},"end":{"line":19,"column":1}},"1":{"start":{"line":11,"column":19},"end":{"line":11,"column":64}},"2":{"start":{"line":13,"column":2},"end":{"line":15,"column":3}},"3":{"start":{"line":14,"column":4},"end":{"line":14,"column":48}},"4":{"start":{"line":17,"column":15},"end":{"line":17,"column":36}},"5":{"start":{"line":18,"column":2},"end":{"line":18,"column":27}}},"fnMap":{"0":{"name":"(anonymous_0)","decl":{"start":{"line":10,"column":36},"end":{"line":10,"column":37}},"loc":{"start":{"line":10,"column":68},"end":{"line":19,"column":1}},"line":10}},"branchMap":{"0":{"loc":{"start":{"line":13,"column":2},"end":{"line":15,"column":3}},"type":"if","locations":[{"start":{"line":13,"column":2},"end":{"line":15,"column":3}},{"start":{},"end":{}}],"line":13}},"s":{"0":3,"1":3,"2":2,"3":1,"4":1,"5":1},"f":{"0":3},"b":{"0":[1,1]},"_coverageSchema":"1a1c01bbd47fc00a2c39e90264f33305004495a9","hash":"e728321148944c5adb21d628c9fff95e530c8538"}
,"C:\\Users\\Sergiodt\\Documents\\PROJECTS\\arthurs-store-front\\src\\services\\TransactionService.ts": {"path":"C:\\Users\\Sergiodt\\Documents\\PROJECTS\\arthurs-store-front\\src\\services\\TransactionService.ts","statementMap":{"0":{"start":{"line":29,"column":30},"end":{"line":45,"column":1}},"1":{"start":{"line":32,"column":19},"end":{"line":38,"column":4}},"2":{"start":{"line":40,"column":2},"end":{"line":42,"column":3}},"3":{"start":{"line":41,"column":4},"end":{"line":41,"column":49}},"4":{"start":{"line":44,"column":2},"end":{"line":44,"column":31}}},"fnMap":{"0":{"name":"(anonymous_0)","decl":{"start":{"line":29,"column":30},"end":{"line":29,"column":31}},"loc":{"start":{"line":31,"column":31},"end":{"line":45,"column":1}},"line":31}},"branchMap":{"0":{"loc":{"start":{"line":40,"column":2},"end":{"line":42,"column":3}},"type":"if","locations":[{"start":{"line":40,"column":2},"end":{"line":42,"column":3}},{"start":{},"end":{}}],"line":40}},"s":{"0":3,"1":2,"2":2,"3":1,"4":1},"f":{"0":2},"b":{"0":[1,1]},"_coverageSchema":"1a1c01bbd47fc00a2c39e90264f33305004495a9","hash":"6927f488561dcf501aaa5bf158203818da9bd9aa"}
,"C:\\Users\\Sergiodt\\Documents\\PROJECTS\\arthurs-store-front\\src\\store\\reducer.ts": {"path":"C:\\Users\\Sergiodt\\Documents\\PROJECTS\\arthurs-store-front\\src\\store\\reducer.ts","statementMap":{"0":{"start":{"line":22,"column":35},"end":{"line":27,"column":1}},"1":{"start":{"line":29,"column":29},"end":{"line":31,"column":2}},"2":{"start":{"line":30,"column":2},"end":{"line":30,"column":38}},"3":{"start":{"line":33,"column":28},"end":{"line":55,"column":2}},"4":{"start":{"line":38,"column":4},"end":{"line":53,"column":9}},"5":{"start":{"line":40,"column":8},"end":{"line":40,"column":29}},"6":{"start":{"line":41,"column":8},"end":{"line":41,"column":27}},"7":{"start":{"line":46,"column":10},"end":{"line":46,"column":32}},"8":{"start":{"line":47,"column":10},"end":{"line":47,"column":42}},"9":{"start":{"line":51,"column":8},"end":{"line":51,"column":30}},"10":{"start":{"line":52,"column":8},"end":{"line":52,"column":73}},"11":{"start":{"line":64,"column":49},"end":{"line":69,"column":1}},"12":{"start":{"line":71,"column":34},"end":{"line":77,"column":1}},"13":{"start":{"line":74,"column":21},"end":{"line":74,"column":57}},"14":{"start":{"line":75,"column":4},"end":{"line":75,"column":20}},"15":{"start":{"line":79,"column":28},"end":{"line":108,"column":2}},"16":{"start":{"line":87,"column":6},"end":{"line":87,"column":47}},"17":{"start":{"line":91,"column":4},"end":{"line":106,"column":9}},"18":{"start":{"line":93,"column":8},"end":{"line":93,"column":29}},"19":{"start":{"line":94,"column":8},"end":{"line":94,"column":27}},"20":{"start":{"line":95,"column":8},"end":{"line":95,"column":44}},"21":{"start":{"line":98,"column":8},"end":{"line":98,"column":30}},"22":{"start":{"line":99,"column":8},"end":{"line":99,"column":29}},"23":{"start":{"line":100,"column":8},"end":{"line":100,"column":67}},"24":{"start":{"line":103,"column":8},"end":{"line":103,"column":30}},"25":{"start":{"line":104,"column":8},"end":{"line":104,"column":78}},"26":{"start":{"line":105,"column":8},"end":{"line":105,"column":43}},"27":{"start":{"line":110,"column":43},"end":{"line":110,"column":63}},"28":{"start":{"line":111,"column":30},"end":{"line":111,"column":50}},"29":{"start":{"line":112,"column":30},"end":{"line":112,"column":50}}},"fnMap":{"0":{"name":"(anonymous_0)","decl":{"start":{"line":29,"column":59},"end":{"line":29,"column":60}},"loc":{"start":{"line":29,"column":71},"end":{"line":31,"column":1}},"line":29},"1":{"name":"(anonymous_1)","decl":{"start":{"line":37,"column":17},"end":{"line":37,"column":18}},"loc":{"start":{"line":37,"column":30},"end":{"line":54,"column":3}},"line":37},"2":{"name":"(anonymous_2)","decl":{"start":{"line":39,"column":38},"end":{"line":39,"column":39}},"loc":{"start":{"line":39,"column":49},"end":{"line":42,"column":7}},"line":39},"3":{"name":"(anonymous_3)","decl":{"start":{"line":45,"column":8},"end":{"line":45,"column":9}},"loc":{"start":{"line":45,"column":53},"end":{"line":48,"column":9}},"line":45},"4":{"name":"(anonymous_4)","decl":{"start":{"line":50,"column":39},"end":{"line":50,"column":40}},"loc":{"start":{"line":50,"column":58},"end":{"line":53,"column":7}},"line":50},"5":{"name":"(anonymous_5)","decl":{"start":{"line":73,"column":2},"end":{"line":73,"column":3}},"loc":{"start":{"line":73,"column":44},"end":{"line":76,"column":3}},"line":73},"6":{"name":"(anonymous_6)","decl":{"start":{"line":83,"column":29},"end":{"line":83,"column":30}},"loc":{"start":{"line":86,"column":9},"end":{"line":88,"column":5}},"line":86},"7":{"name":"(anonymous_7)","decl":{"start":{"line":90,"column":17},"end":{"line":90,"column":18}},"loc":{"start":{"line":90,"column":30},"end":{"line":107,"column":3}},"line":90},"8":{"name":"(anonymous_8)","decl":{"start":{"line":92,"column":43},"end":{"line":92,"column":44}},"loc":{"start":{"line":92,"column":54},"end":{"line":96,"column":7}},"line":92},"9":{"name":"(anonymous_9)","decl":{"start":{"line":97,"column":45},"end":{"line":97,"column":46}},"loc":{"start":{"line":97,"column":64},"end":{"line":101,"column":7}},"line":97},"10":{"name":"(anonymous_10)","decl":{"start":{"line":102,"column":44},"end":{"line":102,"column":45}},"loc":{"start":{"line":102,"column":63},"end":{"line":106,"column":7}},"line":102}},"branchMap":{"0":{"loc":{"start":{"line":52,"column":22},"end":{"line":52,"column":72}},"type":"binary-expr","locations":[{"start":{"line":52,"column":22},"end":{"line":52,"column":42}},{"start":{"line":52,"column":46},"end":{"line":52,"column":72}}],"line":52},"1":{"loc":{"start":{"line":104,"column":22},"end":{"line":104,"column":77}},"type":"binary-expr","locations":[{"start":{"line":104,"column":22},"end":{"line":104,"column":42}},{"start":{"line":104,"column":46},"end":{"line":104,"column":77}}],"line":104}},"s":{"0":2,"1":2,"2":1,"3":2,"4":2,"5":2,"6":2,"7":1,"8":1,"9":1,"10":1,"11":2,"12":2,"13":0,"14":0,"15":2,"16":1,"17":2,"18":1,"19":1,"20":1,"21":1,"22":1,"23":1,"24":1,"25":1,"26":1,"27":2,"28":2,"29":2},"f":{"0":1,"1":2,"2":2,"3":1,"4":1,"5":0,"6":1,"7":2,"8":1,"9":1,"10":1},"b":{"0":[1,0],"1":[1,0]},"_coverageSchema":"1a1c01bbd47fc00a2c39e90264f33305004495a9","hash":"86701437a1583c699c050a5fe82645d5d5bc957c"}
,"C:\\Users\\Sergiodt\\Documents\\PROJECTS\\arthurs-store-front\\src\\store\\store.ts": {"path":"C:\\Users\\Sergiodt\\Documents\\PROJECTS\\arthurs-store-front\\src\\store\\store.ts","statementMap":{"0":{"start":{"line":5,"column":20},"end":{"line":8,"column":1}},"1":{"start":{"line":10,"column":14},"end":{"line":12,"column":2}}},"fnMap":{},"branchMap":{},"s":{"0":1,"1":1},"f":{},"b":{},"_coverageSchema":"1a1c01bbd47fc00a2c39e90264f33305004495a9","hash":"24e378e2bf1959139dd7ed93d895dfda23e91139"}
,"C:\\Users\\Sergiodt\\Documents\\PROJECTS\\arthurs-store-front\\src\\utils\\utils.ts": {"path":"C:\\Users\\Sergiodt\\Documents\\PROJECTS\\arthurs-store-front\\src\\utils\\utils.ts","statementMap":{"0":{"start":{"line":1,"column":35},"end":{"line":1,"column":39}},"1":{"start":{"line":2,"column":28},"end":{"line":2,"column":33}},"2":{"start":{"line":4,"column":33},"end":{"line":19,"column":1}},"3":{"start":{"line":9,"column":2},"end":{"line":17,"column":3}},"4":{"start":{"line":10,"column":32},"end":{"line":12,"column":5}},"5":{"start":{"line":11,"column":19},"end":{"line":11,"column":56}},"6":{"start":{"line":13,"column":28},"end":{"line":13,"column":60}},"7":{"start":{"line":14,"column":4},"end":{"line":16,"column":5}},"8":{"start":{"line":15,"column":6},"end":{"line":15,"column":57}},"9":{"start":{"line":18,"column":2},"end":{"line":18,"column":11}},"10":{"start":{"line":21,"column":32},"end":{"line":23,"column":1}},"11":{"start":{"line":22,"column":2},"end":{"line":22,"column":40}},"12":{"start":{"line":25,"column":30},"end":{"line":33,"column":1}},"13":{"start":{"line":30,"column":19},"end":{"line":30,"column":75}},"14":{"start":{"line":31,"column":18},"end":{"line":31,"column":44}},"15":{"start":{"line":32,"column":2},"end":{"line":32,"column":43}}},"fnMap":{"0":{"name":"(anonymous_0)","decl":{"start":{"line":4,"column":33},"end":{"line":4,"column":34}},"loc":{"start":{"line":8,"column":13},"end":{"line":19,"column":1}},"line":8},"1":{"name":"(anonymous_1)","decl":{"start":{"line":11,"column":6},"end":{"line":11,"column":7}},"loc":{"start":{"line":11,"column":19},"end":{"line":11,"column":56}},"line":11},"2":{"name":"(anonymous_2)","decl":{"start":{"line":21,"column":32},"end":{"line":21,"column":33}},"loc":{"start":{"line":21,"column":62},"end":{"line":23,"column":1}},"line":21},"3":{"name":"(anonymous_3)","decl":{"start":{"line":25,"column":30},"end":{"line":25,"column":31}},"loc":{"start":{"line":29,"column":13},"end":{"line":33,"column":1}},"line":29}},"branchMap":{"0":{"loc":{"start":{"line":9,"column":2},"end":{"line":17,"column":3}},"type":"if","locations":[{"start":{"line":9,"column":2},"end":{"line":17,"column":3}},{"start":{},"end":{}}],"line":9},"1":{"loc":{"start":{"line":9,"column":6},"end":{"line":9,"column":53}},"type":"binary-expr","locations":[{"start":{"line":9,"column":6},"end":{"line":9,"column":30}},{"start":{"line":9,"column":34},"end":{"line":9,"column":53}}],"line":9},"2":{"loc":{"start":{"line":13,"column":28},"end":{"line":13,"column":60}},"type":"binary-expr","locations":[{"start":{"line":13,"column":28},"end":{"line":13,"column":55}},{"start":{"line":13,"column":59},"end":{"line":13,"column":60}}],"line":13},"3":{"loc":{"start":{"line":14,"column":4},"end":{"line":16,"column":5}},"type":"if","locations":[{"start":{"line":14,"column":4},"end":{"line":16,"column":5}},{"start":{},"end":{}}],"line":14}},"s":{"0":3,"1":3,"2":3,"3":17,"4":3,"5":3,"6":3,"7":3,"8":3,"9":14,"10":3,"11":15,"12":3,"13":8,"14":8,"15":8},"f":{"0":17,"1":3,"2":15,"3":8},"b":{"0":[3,14],"1":[17,3],"2":[3,0],"3":[3,0]},"_coverageSchema":"1a1c01bbd47fc00a2c39e90264f33305004495a9","hash":"cfab4bd96908543ff85b7cb23a6b8423248532f9"}
}
