TN:
SF:src\App.tsx
FN:12,App
FNF:1
FNH:1
FNDA:1,App
DA:13,1
LF:1
LH:1
BRF:0
BRH:0
end_of_record
TN:
SF:src\index.tsx
FNF:0
FNH:0
DA:7,0
DA:10,0
DA:19,0
LF:3
LH:0
BRF:0
BRH:0
end_of_record
TN:
SF:src\reportWebVitals.ts
FN:3,(anonymous_0)
FN:5,(anonymous_1)
FNF:2
FNH:0
FNDA:0,(anonymous_0)
FNDA:0,(anonymous_1)
DA:3,0
DA:4,0
DA:5,0
DA:6,0
DA:7,0
DA:8,0
DA:9,0
DA:10,0
LF:8
LH:0
BRDA:4,0,0,0
BRDA:4,0,1,0
BRDA:4,1,0,0
BRDA:4,1,1,0
BRF:4
BRH:0
end_of_record
TN:
SF:src\components\Spinner.tsx
FN:8,(anonymous_0)
FNF:1
FNH:1
FNDA:2,(anonymous_0)
DA:8,2
DA:9,2
LF:2
LH:2
BRDA:17,0,0,2
BRDA:17,0,1,2
BRF:2
BRH:2
end_of_record
TN:
SF:src\components\WebSocketComponent.ts
FN:6,(anonymous_0)
FN:9,(anonymous_1)
FN:12,(anonymous_2)
FN:18,(anonymous_3)
FNF:4
FNH:3
FNDA:1,(anonymous_0)
FNDA:1,(anonymous_1)
FNDA:0,(anonymous_2)
FNDA:1,(anonymous_3)
DA:6,1
DA:7,1
DA:9,1
DA:10,1
DA:12,1
DA:13,0
DA:14,0
DA:15,0
DA:18,1
DA:19,1
DA:23,1
LF:11
LH:8
BRF:0
BRH:0
end_of_record
TN:
SF:src\pages\Home.tsx
FN:43,(anonymous_0)
FN:50,(anonymous_1)
FN:55,(anonymous_2)
FN:60,(anonymous_3)
FN:66,(anonymous_4)
FN:93,(anonymous_5)
FN:97,(anonymous_6)
FN:105,(anonymous_7)
FN:126,(anonymous_8)
FN:131,(anonymous_9)
FN:145,(anonymous_10)
FN:150,(anonymous_11)
FN:153,(anonymous_12)
FN:158,(anonymous_13)
FN:163,(anonymous_14)
FN:170,(anonymous_15)
FN:172,(anonymous_16)
FN:177,(anonymous_17)
FN:182,(anonymous_18)
FN:189,(anonymous_19)
FN:191,(anonymous_20)
FN:196,(anonymous_21)
FN:201,(anonymous_22)
FN:208,(anonymous_23)
FN:219,(anonymous_24)
FN:225,(anonymous_25)
FN:230,(anonymous_26)
FN:231,(anonymous_27)
FN:234,(anonymous_28)
FN:246,(anonymous_29)
FN:312,(anonymous_30)
FN:335,(anonymous_31)
FN:345,(anonymous_32)
FN:363,(anonymous_33)
FN:379,(anonymous_34)
FN:395,(anonymous_35)
FN:407,(anonymous_36)
FN:416,(anonymous_37)
FN:438,(anonymous_38)
FN:442,(anonymous_39)
FN:458,(anonymous_40)
FN:462,(anonymous_41)
FN:473,(anonymous_42)
FN:489,(anonymous_43)
FN:506,(anonymous_44)
FN:517,(anonymous_45)
FN:530,(anonymous_46)
FN:539,(anonymous_47)
FN:563,(anonymous_48)
FNF:49
FNH:16
FNDA:6,(anonymous_0)
FNDA:0,(anonymous_1)
FNDA:7,(anonymous_2)
FNDA:4,(anonymous_3)
FNDA:4,(anonymous_4)
FNDA:5,(anonymous_5)
FNDA:0,(anonymous_6)
FNDA:0,(anonymous_7)
FNDA:0,(anonymous_8)
FNDA:0,(anonymous_9)
FNDA:5,(anonymous_10)
FNDA:0,(anonymous_11)
FNDA:0,(anonymous_12)
FNDA:0,(anonymous_13)
FNDA:0,(anonymous_14)
FNDA:0,(anonymous_15)
FNDA:0,(anonymous_16)
FNDA:0,(anonymous_17)
FNDA:0,(anonymous_18)
FNDA:0,(anonymous_19)
FNDA:0,(anonymous_20)
FNDA:0,(anonymous_21)
FNDA:0,(anonymous_22)
FNDA:0,(anonymous_23)
FNDA:84,(anonymous_24)
FNDA:70,(anonymous_25)
FNDA:1,(anonymous_26)
FNDA:1,(anonymous_27)
FNDA:1,(anonymous_28)
FNDA:28,(anonymous_29)
FNDA:8,(anonymous_30)
FNDA:1,(anonymous_31)
FNDA:0,(anonymous_32)
FNDA:0,(anonymous_33)
FNDA:0,(anonymous_34)
FNDA:0,(anonymous_35)
FNDA:0,(anonymous_36)
FNDA:0,(anonymous_37)
FNDA:0,(anonymous_38)
FNDA:60,(anonymous_39)
FNDA:0,(anonymous_40)
FNDA:50,(anonymous_41)
FNDA:0,(anonymous_42)
FNDA:0,(anonymous_43)
FNDA:0,(anonymous_44)
FNDA:0,(anonymous_45)
FNDA:0,(anonymous_46)
FNDA:0,(anonymous_47)
FNDA:0,(anonymous_48)
DA:43,2
DA:44,6
DA:45,5
DA:46,4
DA:47,2
DA:50,2
DA:51,0
DA:52,0
DA:55,2
DA:60,7
DA:66,7
DA:68,7
DA:69,7
DA:70,7
DA:71,7
DA:72,7
DA:73,7
DA:74,7
DA:75,7
DA:76,7
DA:77,7
DA:78,7
DA:79,7
DA:80,7
DA:85,7
DA:90,7
DA:91,7
DA:93,7
DA:94,5
DA:97,7
DA:98,0
DA:99,0
DA:102,7
DA:103,7
DA:105,7
DA:106,0
DA:107,0
DA:125,0
DA:127,0
DA:132,0
DA:137,0
DA:143,7
DA:145,7
DA:146,5
DA:147,5
DA:150,7
DA:151,0
DA:152,0
DA:153,0
DA:157,0
DA:158,0
DA:163,0
DA:170,7
DA:171,0
DA:172,0
DA:176,0
DA:177,0
DA:182,0
DA:189,7
DA:190,0
DA:191,0
DA:195,0
DA:196,0
DA:201,0
DA:208,7
DA:209,0
DA:210,0
DA:211,0
DA:213,0
DA:219,7
DA:220,84
DA:221,84
DA:224,7
DA:225,7
DA:226,70
DA:227,70
DA:230,7
DA:231,1
DA:232,1
DA:233,1
DA:234,1
DA:238,0
DA:239,0
DA:246,7
DA:247,28
DA:253,7
DA:255,0
DA:258,0
DA:261,7
DA:262,0
DA:283,7
DA:284,0
DA:305,7
DA:307,5
DA:313,8
DA:336,1
DA:346,0
DA:364,0
DA:379,0
DA:395,0
DA:407,0
DA:416,0
DA:438,0
DA:443,60
DA:458,0
DA:463,50
DA:473,0
DA:489,0
DA:506,0
DA:517,0
DA:530,0
DA:539,0
DA:563,0
LF:113
LH:62
BRDA:44,0,0,1
BRDA:44,0,1,5
BRDA:45,1,0,1
BRDA:45,1,1,4
BRDA:46,2,0,2
BRDA:46,2,1,2
BRDA:46,3,0,4
BRDA:46,3,1,3
BRDA:106,4,0,0
BRDA:106,4,1,0
BRDA:157,5,0,0
BRDA:157,5,1,0
BRDA:176,6,0,0
BRDA:176,6,1,0
BRDA:176,7,0,0
BRDA:176,7,1,0
BRDA:195,8,0,0
BRDA:195,8,1,0
BRDA:209,9,0,0
BRDA:209,9,1,0
BRDA:210,10,0,0
BRDA:210,10,1,0
BRDA:232,11,0,1
BRDA:232,11,1,0
BRDA:233,12,0,1
BRDA:233,12,1,0
BRDA:233,13,0,1
BRDA:233,13,1,1
BRDA:238,14,0,0
BRDA:238,14,1,0
BRDA:253,15,0,0
BRDA:253,15,1,7
BRDA:255,16,0,0
BRDA:255,16,1,0
BRDA:261,17,0,0
BRDA:261,17,1,7
BRDA:283,18,0,0
BRDA:283,18,1,7
BRDA:305,19,0,2
BRDA:305,19,1,5
BRDA:334,20,0,8
BRDA:334,20,1,7
BRDA:348,21,0,0
BRDA:348,21,1,0
BRDA:352,22,0,8
BRDA:352,22,1,7
BRDA:366,23,0,0
BRDA:366,23,1,0
BRDA:420,24,0,5
BRDA:420,24,1,0
BRDA:421,25,0,5
BRDA:421,25,1,0
BRDA:423,26,0,5
BRDA:423,26,1,0
BRDA:478,27,0,5
BRDA:478,27,1,0
BRDA:479,28,0,5
BRDA:479,28,1,0
BRDA:510,29,0,5
BRDA:510,29,1,0
BRDA:511,30,0,5
BRDA:511,30,1,0
BRDA:570,31,0,5
BRDA:570,31,1,0
BRF:64
BRH:29
end_of_record
TN:
SF:src\services\ProductService.ts
FN:10,(anonymous_0)
FNF:1
FNH:1
FNDA:3,(anonymous_0)
DA:10,3
DA:11,3
DA:13,2
DA:14,1
DA:17,1
DA:18,1
LF:6
LH:6
BRDA:13,0,0,1
BRDA:13,0,1,1
BRF:2
BRH:2
end_of_record
TN:
SF:src\services\TransactionService.ts
FN:29,(anonymous_0)
FNF:1
FNH:1
FNDA:2,(anonymous_0)
DA:29,3
DA:32,2
DA:40,2
DA:41,1
DA:44,1
LF:5
LH:5
BRDA:40,0,0,1
BRDA:40,0,1,1
BRF:2
BRH:2
end_of_record
TN:
SF:src\store\reducer.ts
FN:29,(anonymous_0)
FN:37,(anonymous_1)
FN:39,(anonymous_2)
FN:45,(anonymous_3)
FN:50,(anonymous_4)
FN:73,(anonymous_5)
FN:83,(anonymous_6)
FN:90,(anonymous_7)
FN:92,(anonymous_8)
FN:97,(anonymous_9)
FN:102,(anonymous_10)
FNF:11
FNH:10
FNDA:1,(anonymous_0)
FNDA:2,(anonymous_1)
FNDA:2,(anonymous_2)
FNDA:1,(anonymous_3)
FNDA:1,(anonymous_4)
FNDA:0,(anonymous_5)
FNDA:1,(anonymous_6)
FNDA:2,(anonymous_7)
FNDA:1,(anonymous_8)
FNDA:1,(anonymous_9)
FNDA:1,(anonymous_10)
DA:22,2
DA:29,2
DA:30,1
DA:33,2
DA:38,2
DA:40,2
DA:41,2
DA:46,1
DA:47,1
DA:51,1
DA:52,1
DA:64,2
DA:71,2
DA:74,0
DA:75,0
DA:79,2
DA:87,1
DA:91,2
DA:93,1
DA:94,1
DA:95,1
DA:98,1
DA:99,1
DA:100,1
DA:103,1
DA:104,1
DA:105,1
DA:110,2
DA:111,2
DA:112,2
LF:30
LH:28
BRDA:52,0,0,1
BRDA:52,0,1,0
BRDA:104,1,0,1
BRDA:104,1,1,0
BRF:4
BRH:2
end_of_record
TN:
SF:src\store\store.ts
FNF:0
FNH:0
DA:5,1
DA:10,1
LF:2
LH:2
BRF:0
BRH:0
end_of_record
TN:
SF:src\utils\utils.ts
FN:4,(anonymous_0)
FN:11,(anonymous_1)
FN:21,(anonymous_2)
FN:25,(anonymous_3)
FNF:4
FNH:4
FNDA:17,(anonymous_0)
FNDA:3,(anonymous_1)
FNDA:15,(anonymous_2)
FNDA:8,(anonymous_3)
DA:1,3
DA:2,3
DA:4,3
DA:9,17
DA:10,3
DA:11,3
DA:13,3
DA:14,3
DA:15,3
DA:18,14
DA:21,3
DA:22,15
DA:25,3
DA:30,8
DA:31,8
DA:32,8
LF:16
LH:16
BRDA:9,0,0,3
BRDA:9,0,1,14
BRDA:9,1,0,17
BRDA:9,1,1,3
BRDA:13,2,0,3
BRDA:13,2,1,0
BRDA:14,3,0,3
BRDA:14,3,1,0
BRF:8
BRH:6
end_of_record
